This is pdfTeX, Version 3.1415926-2.4-1.40.13 (TeX Live 2012/Debian) (format=pdflatex 2013.2.28)  22 JAN 2014 11:15
entering extended mode
 restricted \write18 enabled.
 %&-line parsing enabled.
**mtcars.tex
(./mtcars.tex
LaTeX2e <2011/06/27>
Babel <v3.8m> and hyphenation patterns for english, dumylang, nohyphenation, et
hiopic, farsi, arabic, pinyin, croatian, bulgarian, ukrainian, russian, slovak,
 czech, danish, dutch, usenglishmax, ukenglish, finnish, french, basque, ngerma
n, german, swissgerman, ngerman-x-2012-05-30, german-x-2012-05-30, monogreek, g
reek, ibycus, ancientgreek, hungarian, bengali, tamil, hindi, telugu, gujarati,
 sanskrit, malayalam, kannada, assamese, marathi, oriya, panjabi, italian, lati
n, latvian, lithuanian, mongolian, mongolianlmc, nynorsk, bokmal, indonesian, e
speranto, coptic, welsh, irish, interlingua, serbian, serbianc, slovenian, friu
lan, romansh, estonian, romanian, armenian, uppersorbian, turkish, afrikaans, i
celandic, kurmanji, polish, portuguese, galician, catalan, spanish, swedish, th
ai, loaded.
(/usr/share/texlive/texmf-dist/tex/latex/base/article.cls
Document Class: article 2007/10/19 v1.4h Standard LaTeX document class
(/usr/share/texlive/texmf-dist/tex/latex/base/size10.clo
File: size10.clo 2007/10/19 v1.4h Standard LaTeX file (size option)
)
\c@part=\count79
\c@section=\count80
\c@subsection=\count81
\c@subsubsection=\count82
\c@paragraph=\count83
\c@subparagraph=\count84
\c@figure=\count85
\c@table=\count86
\abovecaptionskip=\skip41
\belowcaptionskip=\skip42
\bibindent=\dimen102
)
(/usr/share/texlive/texmf-dist/tex/latex/graphics/graphicx.sty
Package: graphicx 1999/02/16 v1.0f Enhanced LaTeX Graphics (DPC,SPQR)

(/usr/share/texlive/texmf-dist/tex/latex/graphics/keyval.sty
Package: keyval 1999/03/16 v1.13 key=value parser (DPC)
\KV@toks@=\toks14
)
(/usr/share/texlive/texmf-dist/tex/latex/graphics/graphics.sty
Package: graphics 2009/02/05 v1.0o Standard LaTeX Graphics (DPC,SPQR)

(/usr/share/texlive/texmf-dist/tex/latex/graphics/trig.sty
Package: trig 1999/03/16 v1.09 sin cos tan (DPC)
)
(/usr/share/texlive/texmf-dist/tex/latex/latexconfig/graphics.cfg
File: graphics.cfg 2010/04/23 v1.9 graphics configuration of TeX Live
)
Package graphics Info: Driver file: pdftex.def on input line 91.

(/usr/share/texlive/texmf-dist/tex/latex/pdftex-def/pdftex.def
File: pdftex.def 2011/05/27 v0.06d Graphics/color for pdfTeX

(/usr/share/texlive/texmf-dist/tex/generic/oberdiek/infwarerr.sty
Package: infwarerr 2010/04/08 v1.3 Providing info/warning/error messages (HO)
)
(/usr/share/texlive/texmf-dist/tex/generic/oberdiek/ltxcmds.sty
Package: ltxcmds 2011/11/09 v1.22 LaTeX kernel commands for general use (HO)
)
\Gread@gobject=\count87
))
\Gin@req@height=\dimen103
\Gin@req@width=\dimen104
)
(/usr/share/texlive/texmf-dist/tex/latex/graphics/color.sty
Package: color 2005/11/14 v1.0j Standard LaTeX Color (DPC)

(/usr/share/texlive/texmf-dist/tex/latex/latexconfig/color.cfg
File: color.cfg 2007/01/18 v1.5 color configuration of teTeX/TeXLive
)
Package color Info: Driver file: pdftex.def on input line 130.
)
(/usr/share/texlive/texmf-dist/tex/latex/framed/framed.sty
Package: framed 2011/10/22 v 0.96: framed or shaded text with page breaks
\OuterFrameSep=\skip43
\fb@frw=\dimen105
\fb@frh=\dimen106
\FrameRule=\dimen107
\FrameSep=\dimen108
)
(/usr/share/texlive/texmf-dist/tex/latex/base/alltt.sty
Package: alltt 1997/06/16 v2.0g defines alltt environment
)
(/usr/share/texlive/texmf-dist/tex/latex/floatrow/floatrow.sty
Package: floatrow 2008/08/02 v0.3b floatrow: float package extension

(/usr/share/texlive/texmf-dist/tex/latex/caption/caption3.sty
Package: caption3 2012/01/12 v1.4b caption3 kernel (AR)
\captionmargin=\dimen109
\captionmargin@=\dimen110
\captionwidth=\dimen111
\caption@indent=\dimen112
\caption@parindent=\dimen113
\caption@hangindent=\dimen114
)
\c@float@type=\count88
\float@exts=\toks15
\float@box=\box26
\@floatcapt=\box27
Package floatrow Info: Modified float package code loaded on input line 455.
Package floatrow Info: Modified rotfloat package code loaded on input line 473.

\FR@everyfloat=\toks16
\flrow@foot=\insert233
\FB@wd=\dimen115
\FBo@wd=\dimen116
\FBc@wd=\dimen117
\FBo@ht=\skip44
\FBc@ht=\skip45
\FBf@ht=\skip46
\FBo@max=\skip47
\FBc@max=\skip48
\FBf@max=\skip49
\c@FBl@b=\count89
\floatbox@depth=\count90
\c@FRobj=\count91
\c@FRsobj=\count92
\Xhsize=\skip50
\sXhsize=\skip51
\Zhsize=\skip52
\sZhsize=\skip53
\flrow@rowbox=\box28
\FR@Zunitlength=\dimen118
\c@FBcnt=\count93
\FPOScnt=\count94
\LTleft=\skip54
\LTright=\skip55
\LTleft=\skip56
\LTright=\skip57
\flrow@types=\toks17
)
(/usr/share/texlive/texmf-dist/tex/latex/hyperref/hyperref.sty
Package: hyperref 2012/05/13 v6.82q Hypertext links for LaTeX

(/usr/share/texlive/texmf-dist/tex/generic/oberdiek/hobsub-hyperref.sty
Package: hobsub-hyperref 2012/05/28 v1.13 Bundle oberdiek, subset hyperref (HO)


(/usr/share/texlive/texmf-dist/tex/generic/oberdiek/hobsub-generic.sty
Package: hobsub-generic 2012/05/28 v1.13 Bundle oberdiek, subset generic (HO)
Package: hobsub 2012/05/28 v1.13 Construct package bundles (HO)
Package hobsub Info: Skipping package `infwarerr' (already loaded).
Package hobsub Info: Skipping package `ltxcmds' (already loaded).
Package: ifluatex 2010/03/01 v1.3 Provides the ifluatex switch (HO)
Package ifluatex Info: LuaTeX not detected.
Package: ifvtex 2010/03/01 v1.5 Detect VTeX and its facilities (HO)
Package ifvtex Info: VTeX not detected.
Package: intcalc 2007/09/27 v1.1 Expandable calculations with integers (HO)
Package: ifpdf 2011/01/30 v2.3 Provides the ifpdf switch (HO)
Package ifpdf Info: pdfTeX in PDF mode is detected.
Package: etexcmds 2011/02/16 v1.5 Avoid name clashes with e-TeX commands (HO)
Package etexcmds Info: Could not find \expanded.
(etexcmds)             That can mean that you are not using pdfTeX 1.50 or
(etexcmds)             that some package has redefined \expanded.
(etexcmds)             In the latter case, load this package earlier.
Package: kvsetkeys 2012/04/25 v1.16 Key value parser (HO)
Package: kvdefinekeys 2011/04/07 v1.3 Define keys (HO)
Package: pdftexcmds 2011/11/29 v0.20 Utility functions of pdfTeX for LuaTeX (HO
)
Package pdftexcmds Info: LuaTeX not detected.
Package pdftexcmds Info: \pdf@primitive is available.
Package pdftexcmds Info: \pdf@ifprimitive is available.
Package pdftexcmds Info: \pdfdraftmode found.
Package: pdfescape 2011/11/25 v1.13 Implements pdfTeX's escape features (HO)
Package: bigintcalc 2012/04/08 v1.3 Expandable calculations on big integers (HO
)
Package: bitset 2011/01/30 v1.1 Handle bit-vector datatype (HO)
Package: uniquecounter 2011/01/30 v1.2 Provide unlimited unique counter (HO)
)
Package hobsub Info: Skipping package `hobsub' (already loaded).
Package: letltxmacro 2010/09/02 v1.4 Let assignment for LaTeX macros (HO)
Package: hopatch 2012/05/28 v1.2 Wrapper for package hooks (HO)
Package: xcolor-patch 2011/01/30 xcolor patch
Package: atveryend 2011/06/30 v1.8 Hooks at the very end of document (HO)
Package atveryend Info: \enddocument detected (standard20110627).
Package: atbegshi 2011/10/05 v1.16 At begin shipout hook (HO)
Package: refcount 2011/10/16 v3.4 Data extraction from label references (HO)
Package: hycolor 2011/01/30 v1.7 Color options for hyperref/bookmark (HO)
)
(/usr/share/texlive/texmf-dist/tex/generic/ifxetex/ifxetex.sty
Package: ifxetex 2010/09/12 v0.6 Provides ifxetex conditional
)
(/usr/share/texlive/texmf-dist/tex/latex/oberdiek/kvoptions.sty
Package: kvoptions 2011/06/30 v3.11 Key value format for package options (HO)
)
\@linkdim=\dimen119
\Hy@linkcounter=\count95
\Hy@pagecounter=\count96

(/usr/share/texlive/texmf-dist/tex/latex/hyperref/pd1enc.def
File: pd1enc.def 2012/05/13 v6.82q Hyperref: PDFDocEncoding definition (HO)
)
\Hy@SavedSpaceFactor=\count97

(/usr/share/texlive/texmf-dist/tex/latex/latexconfig/hyperref.cfg
File: hyperref.cfg 2002/06/06 v1.2 hyperref configuration of TeXLive
)
Package hyperref Info: Hyper figures OFF on input line 4062.
Package hyperref Info: Link nesting OFF on input line 4067.
Package hyperref Info: Hyper index ON on input line 4070.
Package hyperref Info: Plain pages OFF on input line 4077.
Package hyperref Info: Backreferencing OFF on input line 4082.
Package hyperref Info: Implicit mode ON; LaTeX internals redefined.
Package hyperref Info: Bookmarks ON on input line 4300.
\c@Hy@tempcnt=\count98

(/usr/share/texlive/texmf-dist/tex/latex/url/url.sty
\Urlmuskip=\muskip10
Package: url 2006/04/12  ver 3.3  Verb mode for urls, etc.
)
LaTeX Info: Redefining \url on input line 4653.
\Fld@menulength=\count99
\Field@Width=\dimen120
\Fld@charsize=\dimen121
Package hyperref Info: Hyper figures OFF on input line 5773.
Package hyperref Info: Link nesting OFF on input line 5778.
Package hyperref Info: Hyper index ON on input line 5781.
Package hyperref Info: backreferencing OFF on input line 5788.
Package hyperref Info: Link coloring OFF on input line 5793.
Package hyperref Info: Link coloring with OCG OFF on input line 5798.
Package hyperref Info: PDF/A mode OFF on input line 5803.
LaTeX Info: Redefining \ref on input line 5843.
LaTeX Info: Redefining \pageref on input line 5847.
\Hy@abspage=\count100
\c@Item=\count101
\c@Hfootnote=\count102
)

Package hyperref Message: Driver (autodetected): hpdftex.

(/usr/share/texlive/texmf-dist/tex/latex/hyperref/hpdftex.def
File: hpdftex.def 2012/05/13 v6.82q Hyperref driver for pdfTeX
\Fld@listcount=\count103
\c@bookmark@seq@number=\count104

(/usr/share/texlive/texmf-dist/tex/latex/oberdiek/rerunfilecheck.sty
Package: rerunfilecheck 2011/04/15 v1.7 Rerun checks for auxiliary files (HO)
Package uniquecounter Info: New unique counter `rerunfilecheck' on input line 2
82.
)
\Hy@SectionHShift=\skip58
)
Package hyperref Info: Option `colorlinks' set `true' on input line 53.

(/usr/share/texlive/texmf-dist/tex/latex/upquote/upquote.sty
Package: upquote 2012/04/19 v1.3 upright-quote and grave-accent glyphs in verba
tim
) (./mtcars.aux)
\openout1 = `mtcars.aux'.

LaTeX Font Info:    Checking defaults for OML/cmm/m/it on input line 59.
LaTeX Font Info:    ... okay on input line 59.
LaTeX Font Info:    Checking defaults for T1/cmr/m/n on input line 59.
LaTeX Font Info:    ... okay on input line 59.
LaTeX Font Info:    Checking defaults for OT1/cmr/m/n on input line 59.
LaTeX Font Info:    ... okay on input line 59.
LaTeX Font Info:    Checking defaults for OMS/cmsy/m/n on input line 59.
LaTeX Font Info:    ... okay on input line 59.
LaTeX Font Info:    Checking defaults for OMX/cmex/m/n on input line 59.
LaTeX Font Info:    ... okay on input line 59.
LaTeX Font Info:    Checking defaults for U/cmr/m/n on input line 59.
LaTeX Font Info:    ... okay on input line 59.
LaTeX Font Info:    Checking defaults for PD1/pdf/m/n on input line 59.
LaTeX Font Info:    ... okay on input line 59.

(/usr/share/texlive/texmf-dist/tex/context/base/supp-pdf.mkii
[Loading MPS to PDF converter (version 2006.09.02).]
\scratchcounter=\count105
\scratchdimen=\dimen122
\scratchbox=\box29
\nofMPsegments=\count106
\nofMParguments=\count107
\everyMPshowfont=\toks18
\MPscratchCnt=\count108
\MPscratchDim=\dimen123
\MPnumerator=\count109
\makeMPintoPDFobject=\count110
\everyMPtoPDFconversion=\toks19
) (/usr/share/texlive/texmf-dist/tex/latex/oberdiek/epstopdf-base.sty
Package: epstopdf-base 2010/02/09 v2.5 Base part for package epstopdf

(/usr/share/texlive/texmf-dist/tex/latex/oberdiek/grfext.sty
Package: grfext 2010/08/19 v1.1 Manage graphics extensions (HO)
)
Package grfext Info: Graphics extension search list:
(grfext)             [.png,.pdf,.jpg,.mps,.jpeg,.jbig2,.jb2,.PNG,.PDF,.JPG,.JPE
G,.JBIG2,.JB2,.eps]
(grfext)             \AppendGraphicsExtensions on input line 452.

(/usr/share/texlive/texmf-dist/tex/latex/latexconfig/epstopdf-sys.cfg
File: epstopdf-sys.cfg 2010/07/13 v1.3 Configuration of (r)epstopdf for TeX Liv
e
))
Package caption Info: Begin \AtBeginDocument code.
Package caption Info: End \AtBeginDocument code.
\AtBeginShipoutBox=\box30
Package hyperref Info: Link coloring ON on input line 59.

(/usr/share/texlive/texmf-dist/tex/latex/hyperref/nameref.sty
Package: nameref 2010/04/30 v2.40 Cross-referencing by name of section

(/usr/share/texlive/texmf-dist/tex/generic/oberdiek/gettitlestring.sty
Package: gettitlestring 2010/12/03 v1.4 Cleanup title references (HO)
)
\c@section@level=\count111
)
LaTeX Info: Redefining \ref on input line 59.
LaTeX Info: Redefining \pageref on input line 59.
LaTeX Info: Redefining \nameref on input line 59.

(./mtcars.out) (./mtcars.out)
\@outlinefile=\write3
\openout3 = `mtcars.out'.

LaTeX Font Info:    External font `cmex10' loaded for size
(Font)              <12> on input line 62.
LaTeX Font Info:    External font `cmex10' loaded for size
(Font)              <8> on input line 62.
LaTeX Font Info:    External font `cmex10' loaded for size
(Font)              <6> on input line 62.
 (./mtcars.toc [1

{/var/lib/texmf/fonts/map/pdftex/updmap/pdftex.map}] [2] [3])
\tf@toc=\write4
\openout4 = `mtcars.toc'.

Package color Info: Redefining color shadecolor on input line 72.

<figure/lm-cyl-disp-hp-drat-wt-qsec-vs-am.pdf, id=292, 505.89pt x 505.89pt>
File: figure/lm-cyl-disp-hp-drat-wt-qsec-vs-am.pdf Graphic file (type pdf)

<use figure/lm-cyl-disp-hp-drat-wt-qsec-vs-am.pdf>
Package pdftex.def Info: figure/lm-cyl-disp-hp-drat-wt-qsec-vs-am.pdf used on i
nput line 74.
(pdftex.def)             Requested size: 345.0pt x 345.00414pt.
LaTeX Font Info:    External font `cmex10' loaded for size
(Font)              <7> on input line 88.
LaTeX Font Info:    External font `cmex10' loaded for size
(Font)              <5> on input line 88.
 [4 <./figure/lm-cyl-disp-hp-drat-wt-qsec-vs-am.pdf>]
Package color Info: Redefining color shadecolor on input line 114.

<figure/lm-cyl-disp-hp-drat-wt-qsec-vs-gear.pdf, id=304, 505.89pt x 505.89pt>
File: figure/lm-cyl-disp-hp-drat-wt-qsec-vs-gear.pdf Graphic file (type pdf)

<use figure/lm-cyl-disp-hp-drat-wt-qsec-vs-gear.pdf>
Package pdftex.def Info: figure/lm-cyl-disp-hp-drat-wt-qsec-vs-gear.pdf used on
 input line 116.
(pdftex.def)             Requested size: 345.0pt x 345.00414pt.
 [5 <./figure/lm-cyl-disp-hp-drat-wt-qsec-vs-gear.pdf>]
Package color Info: Redefining color shadecolor on input line 156.

<figure/lm-cyl-disp-hp-drat-wt-qsec-vs-carb.pdf, id=317, 505.89pt x 505.89pt>
File: figure/lm-cyl-disp-hp-drat-wt-qsec-vs-carb.pdf Graphic file (type pdf)

<use figure/lm-cyl-disp-hp-drat-wt-qsec-vs-carb.pdf>
Package pdftex.def Info: figure/lm-cyl-disp-hp-drat-wt-qsec-vs-carb.pdf used on
 input line 158.
(pdftex.def)             Requested size: 345.0pt x 345.00414pt.
 [6 <./figure/lm-cyl-disp-hp-drat-wt-qsec-vs-carb.pdf>]
Package color Info: Redefining color shadecolor on input line 198.

<figure/lm-cyl-disp-hp-drat-wt-qsec-am-gear.pdf, id=327, 505.89pt x 505.89pt>
File: figure/lm-cyl-disp-hp-drat-wt-qsec-am-gear.pdf Graphic file (type pdf)

<use figure/lm-cyl-disp-hp-drat-wt-qsec-am-gear.pdf>
Package pdftex.def Info: figure/lm-cyl-disp-hp-drat-wt-qsec-am-gear.pdf used on
 input line 200.
(pdftex.def)             Requested size: 345.0pt x 345.00414pt.
 [7 <./figure/lm-cyl-disp-hp-drat-wt-qsec-am-gear.pdf>]
Package color Info: Redefining color shadecolor on input line 240.

<figure/lm-cyl-disp-hp-drat-wt-qsec-am-carb.pdf, id=338, 505.89pt x 505.89pt>
File: figure/lm-cyl-disp-hp-drat-wt-qsec-am-carb.pdf Graphic file (type pdf)

<use figure/lm-cyl-disp-hp-drat-wt-qsec-am-carb.pdf>
Package pdftex.def Info: figure/lm-cyl-disp-hp-drat-wt-qsec-am-carb.pdf used on
 input line 242.
(pdftex.def)             Requested size: 345.0pt x 345.00414pt.
 [8 <./figure/lm-cyl-disp-hp-drat-wt-qsec-am-carb.pdf>]
Package color Info: Redefining color shadecolor on input line 282.

<figure/lm-cyl-disp-hp-drat-wt-qsec-gear-carb.pdf, id=348, 505.89pt x 505.89pt>
File: figure/lm-cyl-disp-hp-drat-wt-qsec-gear-carb.pdf Graphic file (type pdf)
<use figure/lm-cyl-disp-hp-drat-wt-qsec-gear-carb.pdf>
Package pdftex.def Info: figure/lm-cyl-disp-hp-drat-wt-qsec-gear-carb.pdf used 
on input line 284.
(pdftex.def)             Requested size: 345.0pt x 345.00414pt.
 [9 <./figure/lm-cyl-disp-hp-drat-wt-qsec-gear-carb.pdf>]
Package color Info: Redefining color shadecolor on input line 324.

<figure/lm-cyl-disp-hp-drat-wt-vs-am-gear.pdf, id=358, 505.89pt x 505.89pt>
File: figure/lm-cyl-disp-hp-drat-wt-vs-am-gear.pdf Graphic file (type pdf)

<use figure/lm-cyl-disp-hp-drat-wt-vs-am-gear.pdf>
Package pdftex.def Info: figure/lm-cyl-disp-hp-drat-wt-vs-am-gear.pdf used on i
nput line 326.
(pdftex.def)             Requested size: 345.0pt x 345.00414pt.
 [10 <./figure/lm-cyl-disp-hp-drat-wt-vs-am-gear.pdf>]
Package color Info: Redefining color shadecolor on input line 366.

<figure/lm-cyl-disp-hp-drat-wt-vs-am-carb.pdf, id=368, 505.89pt x 505.89pt>
File: figure/lm-cyl-disp-hp-drat-wt-vs-am-carb.pdf Graphic file (type pdf)

<use figure/lm-cyl-disp-hp-drat-wt-vs-am-carb.pdf>
Package pdftex.def Info: figure/lm-cyl-disp-hp-drat-wt-vs-am-carb.pdf used on i
nput line 368.
(pdftex.def)             Requested size: 345.0pt x 345.00414pt.
 [11 <./figure/lm-cyl-disp-hp-drat-wt-vs-am-carb.pdf>]
Package color Info: Redefining color shadecolor on input line 408.

<figure/lm-cyl-disp-hp-drat-wt-vs-gear-carb.pdf, id=378, 505.89pt x 505.89pt>
File: figure/lm-cyl-disp-hp-drat-wt-vs-gear-carb.pdf Graphic file (type pdf)

<use figure/lm-cyl-disp-hp-drat-wt-vs-gear-carb.pdf>
Package pdftex.def Info: figure/lm-cyl-disp-hp-drat-wt-vs-gear-carb.pdf used on
 input line 410.
(pdftex.def)             Requested size: 345.0pt x 345.00414pt.
 [12 <./figure/lm-cyl-disp-hp-drat-wt-vs-gear-carb.pdf>]
Package color Info: Redefining color shadecolor on input line 450.

<figure/lm-cyl-disp-hp-drat-wt-am-gear-carb.pdf, id=388, 505.89pt x 505.89pt>
File: figure/lm-cyl-disp-hp-drat-wt-am-gear-carb.pdf Graphic file (type pdf)

<use figure/lm-cyl-disp-hp-drat-wt-am-gear-carb.pdf>
Package pdftex.def Info: figure/lm-cyl-disp-hp-drat-wt-am-gear-carb.pdf used on
 input line 452.
(pdftex.def)             Requested size: 345.0pt x 345.00414pt.
 [13 <./figure/lm-cyl-disp-hp-drat-wt-am-gear-carb.pdf>]
Package color Info: Redefining color shadecolor on input line 492.

<figure/lm-cyl-disp-hp-drat-qsec-vs-am-gear.pdf, id=399, 505.89pt x 505.89pt>
File: figure/lm-cyl-disp-hp-drat-qsec-vs-am-gear.pdf Graphic file (type pdf)

<use figure/lm-cyl-disp-hp-drat-qsec-vs-am-gear.pdf>
Package pdftex.def Info: figure/lm-cyl-disp-hp-drat-qsec-vs-am-gear.pdf used on
 input line 494.
(pdftex.def)             Requested size: 345.0pt x 345.00414pt.
 [14 <./figure/lm-cyl-disp-hp-drat-qsec-vs-am-gear.pdf>]
Package color Info: Redefining color shadecolor on input line 534.

<figure/lm-cyl-disp-hp-drat-qsec-vs-am-carb.pdf, id=409, 505.89pt x 505.89pt>
File: figure/lm-cyl-disp-hp-drat-qsec-vs-am-carb.pdf Graphic file (type pdf)

<use figure/lm-cyl-disp-hp-drat-qsec-vs-am-carb.pdf>
Package pdftex.def Info: figure/lm-cyl-disp-hp-drat-qsec-vs-am-carb.pdf used on
 input line 536.
(pdftex.def)             Requested size: 345.0pt x 345.00414pt.
 [15 <./figure/lm-cyl-disp-hp-drat-qsec-vs-am-carb.pdf>]
Package color Info: Redefining color shadecolor on input line 576.

<figure/lm-cyl-disp-hp-drat-qsec-vs-gear-carb.pdf, id=419, 505.89pt x 505.89pt>
File: figure/lm-cyl-disp-hp-drat-qsec-vs-gear-carb.pdf Graphic file (type pdf)
<use figure/lm-cyl-disp-hp-drat-qsec-vs-gear-carb.pdf>
Package pdftex.def Info: figure/lm-cyl-disp-hp-drat-qsec-vs-gear-carb.pdf used 
on input line 578.
(pdftex.def)             Requested size: 345.0pt x 345.00414pt.
 [16 <./figure/lm-cyl-disp-hp-drat-qsec-vs-gear-carb.pdf>]
Package color Info: Redefining color shadecolor on input line 618.

<figure/lm-cyl-disp-hp-drat-qsec-am-gear-carb.pdf, id=429, 505.89pt x 505.89pt>
File: figure/lm-cyl-disp-hp-drat-qsec-am-gear-carb.pdf Graphic file (type pdf)
<use figure/lm-cyl-disp-hp-drat-qsec-am-gear-carb.pdf>
Package pdftex.def Info: figure/lm-cyl-disp-hp-drat-qsec-am-gear-carb.pdf used 
on input line 620.
(pdftex.def)             Requested size: 345.0pt x 345.00414pt.
 [17 <./figure/lm-cyl-disp-hp-drat-qsec-am-gear-carb.pdf>]
Package color Info: Redefining color shadecolor on input line 660.

<figure/lm-cyl-disp-hp-drat-vs-am-gear-carb.pdf, id=440, 505.89pt x 505.89pt>
File: figure/lm-cyl-disp-hp-drat-vs-am-gear-carb.pdf Graphic file (type pdf)

<use figure/lm-cyl-disp-hp-drat-vs-am-gear-carb.pdf>
Package pdftex.def Info: figure/lm-cyl-disp-hp-drat-vs-am-gear-carb.pdf used on
 input line 662.
(pdftex.def)             Requested size: 345.0pt x 345.00414pt.
 [18 <./figure/lm-cyl-disp-hp-drat-vs-am-gear-carb.pdf>]
Package color Info: Redefining color shadecolor on input line 702.

<figure/lm-cyl-disp-hp-wt-qsec-vs-am-gear.pdf, id=450, 505.89pt x 505.89pt>
File: figure/lm-cyl-disp-hp-wt-qsec-vs-am-gear.pdf Graphic file (type pdf)

<use figure/lm-cyl-disp-hp-wt-qsec-vs-am-gear.pdf>
Package pdftex.def Info: figure/lm-cyl-disp-hp-wt-qsec-vs-am-gear.pdf used on i
nput line 704.
(pdftex.def)             Requested size: 345.0pt x 345.00414pt.
 [19 <./figure/lm-cyl-disp-hp-wt-qsec-vs-am-gear.pdf>]
Package color Info: Redefining color shadecolor on input line 744.

<figure/lm-cyl-disp-hp-wt-qsec-vs-am-carb.pdf, id=461, 505.89pt x 505.89pt>
File: figure/lm-cyl-disp-hp-wt-qsec-vs-am-carb.pdf Graphic file (type pdf)

<use figure/lm-cyl-disp-hp-wt-qsec-vs-am-carb.pdf>
Package pdftex.def Info: figure/lm-cyl-disp-hp-wt-qsec-vs-am-carb.pdf used on i
nput line 746.
(pdftex.def)             Requested size: 345.0pt x 345.00414pt.
 [20 <./figure/lm-cyl-disp-hp-wt-qsec-vs-am-carb.pdf>]
Package color Info: Redefining color shadecolor on input line 786.

<figure/lm-cyl-disp-hp-wt-qsec-vs-gear-carb.pdf, id=471, 505.89pt x 505.89pt>
File: figure/lm-cyl-disp-hp-wt-qsec-vs-gear-carb.pdf Graphic file (type pdf)

<use figure/lm-cyl-disp-hp-wt-qsec-vs-gear-carb.pdf>
Package pdftex.def Info: figure/lm-cyl-disp-hp-wt-qsec-vs-gear-carb.pdf used on
 input line 788.
(pdftex.def)             Requested size: 345.0pt x 345.00414pt.
 [21 <./figure/lm-cyl-disp-hp-wt-qsec-vs-gear-carb.pdf>]
Package color Info: Redefining color shadecolor on input line 828.

<figure/lm-cyl-disp-hp-wt-qsec-am-gear-carb.pdf, id=481, 505.89pt x 505.89pt>
File: figure/lm-cyl-disp-hp-wt-qsec-am-gear-carb.pdf Graphic file (type pdf)

<use figure/lm-cyl-disp-hp-wt-qsec-am-gear-carb.pdf>
Package pdftex.def Info: figure/lm-cyl-disp-hp-wt-qsec-am-gear-carb.pdf used on
 input line 830.
(pdftex.def)             Requested size: 345.0pt x 345.00414pt.
 [22 <./figure/lm-cyl-disp-hp-wt-qsec-am-gear-carb.pdf>]
Package color Info: Redefining color shadecolor on input line 870.

<figure/lm-cyl-disp-hp-wt-vs-am-gear-carb.pdf, id=491, 505.89pt x 505.89pt>
File: figure/lm-cyl-disp-hp-wt-vs-am-gear-carb.pdf Graphic file (type pdf)

<use figure/lm-cyl-disp-hp-wt-vs-am-gear-carb.pdf>
Package pdftex.def Info: figure/lm-cyl-disp-hp-wt-vs-am-gear-carb.pdf used on i
nput line 872.
(pdftex.def)             Requested size: 345.0pt x 345.00414pt.
 [23 <./figure/lm-cyl-disp-hp-wt-vs-am-gear-carb.pdf>]
Package color Info: Redefining color shadecolor on input line 912.

<figure/lm-cyl-disp-hp-qsec-vs-am-gear-carb.pdf, id=501, 505.89pt x 505.89pt>
File: figure/lm-cyl-disp-hp-qsec-vs-am-gear-carb.pdf Graphic file (type pdf)

<use figure/lm-cyl-disp-hp-qsec-vs-am-gear-carb.pdf>
Package pdftex.def Info: figure/lm-cyl-disp-hp-qsec-vs-am-gear-carb.pdf used on
 input line 914.
(pdftex.def)             Requested size: 345.0pt x 345.00414pt.
 [24 <./figure/lm-cyl-disp-hp-qsec-vs-am-gear-carb.pdf>]
Package color Info: Redefining color shadecolor on input line 954.

<figure/lm-cyl-disp-drat-wt-qsec-vs-am-gear.pdf, id=511, 505.89pt x 505.89pt>
File: figure/lm-cyl-disp-drat-wt-qsec-vs-am-gear.pdf Graphic file (type pdf)

<use figure/lm-cyl-disp-drat-wt-qsec-vs-am-gear.pdf>
Package pdftex.def Info: figure/lm-cyl-disp-drat-wt-qsec-vs-am-gear.pdf used on
 input line 956.
(pdftex.def)             Requested size: 345.0pt x 345.00414pt.
 [25 <./figure/lm-cyl-disp-drat-wt-qsec-vs-am-gear.pdf>]
Package color Info: Redefining color shadecolor on input line 996.

<figure/lm-cyl-disp-drat-wt-qsec-vs-am-carb.pdf, id=522, 505.89pt x 505.89pt>
File: figure/lm-cyl-disp-drat-wt-qsec-vs-am-carb.pdf Graphic file (type pdf)

<use figure/lm-cyl-disp-drat-wt-qsec-vs-am-carb.pdf>
Package pdftex.def Info: figure/lm-cyl-disp-drat-wt-qsec-vs-am-carb.pdf used on
 input line 998.
(pdftex.def)             Requested size: 345.0pt x 345.00414pt.
 [26 <./figure/lm-cyl-disp-drat-wt-qsec-vs-am-carb.pdf>]
Package color Info: Redefining color shadecolor on input line 1038.

<figure/lm-cyl-disp-drat-wt-qsec-vs-gear-carb.pdf, id=532, 505.89pt x 505.89pt>
File: figure/lm-cyl-disp-drat-wt-qsec-vs-gear-carb.pdf Graphic file (type pdf)
<use figure/lm-cyl-disp-drat-wt-qsec-vs-gear-carb.pdf>
Package pdftex.def Info: figure/lm-cyl-disp-drat-wt-qsec-vs-gear-carb.pdf used 
on input line 1040.
(pdftex.def)             Requested size: 345.0pt x 345.00414pt.
 [27 <./figure/lm-cyl-disp-drat-wt-qsec-vs-gear-carb.pdf>]
Package color Info: Redefining color shadecolor on input line 1080.

<figure/lm-cyl-disp-drat-wt-qsec-am-gear-carb.pdf, id=542, 505.89pt x 505.89pt>
File: figure/lm-cyl-disp-drat-wt-qsec-am-gear-carb.pdf Graphic file (type pdf)
<use figure/lm-cyl-disp-drat-wt-qsec-am-gear-carb.pdf>
Package pdftex.def Info: figure/lm-cyl-disp-drat-wt-qsec-am-gear-carb.pdf used 
on input line 1082.
(pdftex.def)             Requested size: 345.0pt x 345.00414pt.
 [28 <./figure/lm-cyl-disp-drat-wt-qsec-am-gear-carb.pdf>]
Package color Info: Redefining color shadecolor on input line 1122.

<figure/lm-cyl-disp-drat-wt-vs-am-gear-carb.pdf, id=552, 505.89pt x 505.89pt>
File: figure/lm-cyl-disp-drat-wt-vs-am-gear-carb.pdf Graphic file (type pdf)

<use figure/lm-cyl-disp-drat-wt-vs-am-gear-carb.pdf>
Package pdftex.def Info: figure/lm-cyl-disp-drat-wt-vs-am-gear-carb.pdf used on
 input line 1124.
(pdftex.def)             Requested size: 345.0pt x 345.00414pt.
 [29 <./figure/lm-cyl-disp-drat-wt-vs-am-gear-carb.pdf>]
Package color Info: Redefining color shadecolor on input line 1164.

<figure/lm-cyl-disp-drat-qsec-vs-am-gear-carb.pdf, id=562, 505.89pt x 505.89pt>
File: figure/lm-cyl-disp-drat-qsec-vs-am-gear-carb.pdf Graphic file (type pdf)
<use figure/lm-cyl-disp-drat-qsec-vs-am-gear-carb.pdf>
Package pdftex.def Info: figure/lm-cyl-disp-drat-qsec-vs-am-gear-carb.pdf used 
on input line 1166.
(pdftex.def)             Requested size: 345.0pt x 345.00414pt.
 [30 <./figure/lm-cyl-disp-drat-qsec-vs-am-gear-carb.pdf>]
Package color Info: Redefining color shadecolor on input line 1206.

<figure/lm-cyl-disp-wt-qsec-vs-am-gear-carb.pdf, id=573, 505.89pt x 505.89pt>
File: figure/lm-cyl-disp-wt-qsec-vs-am-gear-carb.pdf Graphic file (type pdf)

<use figure/lm-cyl-disp-wt-qsec-vs-am-gear-carb.pdf>
Package pdftex.def Info: figure/lm-cyl-disp-wt-qsec-vs-am-gear-carb.pdf used on
 input line 1208.
(pdftex.def)             Requested size: 345.0pt x 345.00414pt.
 [31 <./figure/lm-cyl-disp-wt-qsec-vs-am-gear-carb.pdf>]
Package color Info: Redefining color shadecolor on input line 1248.

<figure/lm-cyl-hp-drat-wt-qsec-vs-am-gear.pdf, id=584, 505.89pt x 505.89pt>
File: figure/lm-cyl-hp-drat-wt-qsec-vs-am-gear.pdf Graphic file (type pdf)

<use figure/lm-cyl-hp-drat-wt-qsec-vs-am-gear.pdf>
Package pdftex.def Info: figure/lm-cyl-hp-drat-wt-qsec-vs-am-gear.pdf used on i
nput line 1250.
(pdftex.def)             Requested size: 345.0pt x 345.00414pt.
 [32 <./figure/lm-cyl-hp-drat-wt-qsec-vs-am-gear.pdf>]
Package color Info: Redefining color shadecolor on input line 1290.

<figure/lm-cyl-hp-drat-wt-qsec-vs-am-carb.pdf, id=594, 505.89pt x 505.89pt>
File: figure/lm-cyl-hp-drat-wt-qsec-vs-am-carb.pdf Graphic file (type pdf)

<use figure/lm-cyl-hp-drat-wt-qsec-vs-am-carb.pdf>
Package pdftex.def Info: figure/lm-cyl-hp-drat-wt-qsec-vs-am-carb.pdf used on i
nput line 1292.
(pdftex.def)             Requested size: 345.0pt x 345.00414pt.
 [33 <./figure/lm-cyl-hp-drat-wt-qsec-vs-am-carb.pdf>]
Package color Info: Redefining color shadecolor on input line 1332.

<figure/lm-cyl-hp-drat-wt-qsec-vs-gear-carb.pdf, id=604, 505.89pt x 505.89pt>
File: figure/lm-cyl-hp-drat-wt-qsec-vs-gear-carb.pdf Graphic file (type pdf)

<use figure/lm-cyl-hp-drat-wt-qsec-vs-gear-carb.pdf>
Package pdftex.def Info: figure/lm-cyl-hp-drat-wt-qsec-vs-gear-carb.pdf used on
 input line 1334.
(pdftex.def)             Requested size: 345.0pt x 345.00414pt.
 [34 <./figure/lm-cyl-hp-drat-wt-qsec-vs-gear-carb.pdf>]
Package color Info: Redefining color shadecolor on input line 1374.

<figure/lm-cyl-hp-drat-wt-qsec-am-gear-carb.pdf, id=614, 505.89pt x 505.89pt>
File: figure/lm-cyl-hp-drat-wt-qsec-am-gear-carb.pdf Graphic file (type pdf)

<use figure/lm-cyl-hp-drat-wt-qsec-am-gear-carb.pdf>
Package pdftex.def Info: figure/lm-cyl-hp-drat-wt-qsec-am-gear-carb.pdf used on
 input line 1376.
(pdftex.def)             Requested size: 345.0pt x 345.00414pt.
 [35 <./figure/lm-cyl-hp-drat-wt-qsec-am-gear-carb.pdf>]
Package color Info: Redefining color shadecolor on input line 1416.

<figure/lm-cyl-hp-drat-wt-vs-am-gear-carb.pdf, id=624, 505.89pt x 505.89pt>
File: figure/lm-cyl-hp-drat-wt-vs-am-gear-carb.pdf Graphic file (type pdf)

<use figure/lm-cyl-hp-drat-wt-vs-am-gear-carb.pdf>
Package pdftex.def Info: figure/lm-cyl-hp-drat-wt-vs-am-gear-carb.pdf used on i
nput line 1418.
(pdftex.def)             Requested size: 345.0pt x 345.00414pt.
 [36 <./figure/lm-cyl-hp-drat-wt-vs-am-gear-carb.pdf>]
Package color Info: Redefining color shadecolor on input line 1458.

<figure/lm-cyl-hp-drat-qsec-vs-am-gear-carb.pdf, id=634, 505.89pt x 505.89pt>
File: figure/lm-cyl-hp-drat-qsec-vs-am-gear-carb.pdf Graphic file (type pdf)

<use figure/lm-cyl-hp-drat-qsec-vs-am-gear-carb.pdf>
Package pdftex.def Info: figure/lm-cyl-hp-drat-qsec-vs-am-gear-carb.pdf used on
 input line 1460.
(pdftex.def)             Requested size: 345.0pt x 345.00414pt.
 [37 <./figure/lm-cyl-hp-drat-qsec-vs-am-gear-carb.pdf>]
Package color Info: Redefining color shadecolor on input line 1500.

<figure/lm-cyl-hp-wt-qsec-vs-am-gear-carb.pdf, id=645, 505.89pt x 505.89pt>
File: figure/lm-cyl-hp-wt-qsec-vs-am-gear-carb.pdf Graphic file (type pdf)

<use figure/lm-cyl-hp-wt-qsec-vs-am-gear-carb.pdf>
Package pdftex.def Info: figure/lm-cyl-hp-wt-qsec-vs-am-gear-carb.pdf used on i
nput line 1502.
(pdftex.def)             Requested size: 345.0pt x 345.00414pt.
 [38 <./figure/lm-cyl-hp-wt-qsec-vs-am-gear-carb.pdf>]
Package color Info: Redefining color shadecolor on input line 1542.

<figure/lm-cyl-drat-wt-qsec-vs-am-gear-carb.pdf, id=655, 505.89pt x 505.89pt>
File: figure/lm-cyl-drat-wt-qsec-vs-am-gear-carb.pdf Graphic file (type pdf)

<use figure/lm-cyl-drat-wt-qsec-vs-am-gear-carb.pdf>
Package pdftex.def Info: figure/lm-cyl-drat-wt-qsec-vs-am-gear-carb.pdf used on
 input line 1544.
(pdftex.def)             Requested size: 345.0pt x 345.00414pt.
 [39 <./figure/lm-cyl-drat-wt-qsec-vs-am-gear-carb.pdf>]
Package color Info: Redefining color shadecolor on input line 1584.

<figure/lm-disp-hp-drat-wt-qsec-vs-am-gear.pdf, id=665, 505.89pt x 505.89pt>
File: figure/lm-disp-hp-drat-wt-qsec-vs-am-gear.pdf Graphic file (type pdf)

<use figure/lm-disp-hp-drat-wt-qsec-vs-am-gear.pdf>
Package pdftex.def Info: figure/lm-disp-hp-drat-wt-qsec-vs-am-gear.pdf used on 
input line 1586.
(pdftex.def)             Requested size: 345.0pt x 345.00414pt.
 [40 <./figure/lm-disp-hp-drat-wt-qsec-vs-am-gear.pdf>]
Package color Info: Redefining color shadecolor on input line 1626.

<figure/lm-disp-hp-drat-wt-qsec-vs-am-carb.pdf, id=675, 505.89pt x 505.89pt>
File: figure/lm-disp-hp-drat-wt-qsec-vs-am-carb.pdf Graphic file (type pdf)

<use figure/lm-disp-hp-drat-wt-qsec-vs-am-carb.pdf>
Package pdftex.def Info: figure/lm-disp-hp-drat-wt-qsec-vs-am-carb.pdf used on 
input line 1628.
(pdftex.def)             Requested size: 345.0pt x 345.00414pt.
 [41 <./figure/lm-disp-hp-drat-wt-qsec-vs-am-carb.pdf>]
Package color Info: Redefining color shadecolor on input line 1668.

<figure/lm-disp-hp-drat-wt-qsec-vs-gear-carb.pdf, id=685, 505.89pt x 505.89pt>
File: figure/lm-disp-hp-drat-wt-qsec-vs-gear-carb.pdf Graphic file (type pdf)

<use figure/lm-disp-hp-drat-wt-qsec-vs-gear-carb.pdf>
Package pdftex.def Info: figure/lm-disp-hp-drat-wt-qsec-vs-gear-carb.pdf used o
n input line 1670.
(pdftex.def)             Requested size: 345.0pt x 345.00414pt.
 [42 <./figure/lm-disp-hp-drat-wt-qsec-vs-gear-carb.pdf>]
Package color Info: Redefining color shadecolor on input line 1710.

<figure/lm-disp-hp-drat-wt-qsec-am-gear-carb.pdf, id=696, 505.89pt x 505.89pt>
File: figure/lm-disp-hp-drat-wt-qsec-am-gear-carb.pdf Graphic file (type pdf)

<use figure/lm-disp-hp-drat-wt-qsec-am-gear-carb.pdf>
Package pdftex.def Info: figure/lm-disp-hp-drat-wt-qsec-am-gear-carb.pdf used o
n input line 1712.
(pdftex.def)             Requested size: 345.0pt x 345.00414pt.
 [43 <./figure/lm-disp-hp-drat-wt-qsec-am-gear-carb.pdf>]
Package color Info: Redefining color shadecolor on input line 1752.

<figure/lm-disp-hp-drat-wt-vs-am-gear-carb.pdf, id=707, 505.89pt x 505.89pt>
File: figure/lm-disp-hp-drat-wt-vs-am-gear-carb.pdf Graphic file (type pdf)

<use figure/lm-disp-hp-drat-wt-vs-am-gear-carb.pdf>
Package pdftex.def Info: figure/lm-disp-hp-drat-wt-vs-am-gear-carb.pdf used on 
input line 1754.
(pdftex.def)             Requested size: 345.0pt x 345.00414pt.
 [44 <./figure/lm-disp-hp-drat-wt-vs-am-gear-carb.pdf>]
Package color Info: Redefining color shadecolor on input line 1794.

<figure/lm-disp-hp-drat-qsec-vs-am-gear-carb.pdf, id=717, 505.89pt x 505.89pt>
File: figure/lm-disp-hp-drat-qsec-vs-am-gear-carb.pdf Graphic file (type pdf)

<use figure/lm-disp-hp-drat-qsec-vs-am-gear-carb.pdf>
Package pdftex.def Info: figure/lm-disp-hp-drat-qsec-vs-am-gear-carb.pdf used o
n input line 1796.
(pdftex.def)             Requested size: 345.0pt x 345.00414pt.
 [45 <./figure/lm-disp-hp-drat-qsec-vs-am-gear-carb.pdf>]
Package color Info: Redefining color shadecolor on input line 1836.

<figure/lm-disp-hp-wt-qsec-vs-am-gear-carb.pdf, id=727, 505.89pt x 505.89pt>
File: figure/lm-disp-hp-wt-qsec-vs-am-gear-carb.pdf Graphic file (type pdf)

<use figure/lm-disp-hp-wt-qsec-vs-am-gear-carb.pdf>
Package pdftex.def Info: figure/lm-disp-hp-wt-qsec-vs-am-gear-carb.pdf used on 
input line 1838.
(pdftex.def)             Requested size: 345.0pt x 345.00414pt.
 [46 <./figure/lm-disp-hp-wt-qsec-vs-am-gear-carb.pdf>]
Package color Info: Redefining color shadecolor on input line 1878.

<figure/lm-disp-drat-wt-qsec-vs-am-gear-carb.pdf, id=737, 505.89pt x 505.89pt>
File: figure/lm-disp-drat-wt-qsec-vs-am-gear-carb.pdf Graphic file (type pdf)

<use figure/lm-disp-drat-wt-qsec-vs-am-gear-carb.pdf>
Package pdftex.def Info: figure/lm-disp-drat-wt-qsec-vs-am-gear-carb.pdf used o
n input line 1880.
(pdftex.def)             Requested size: 345.0pt x 345.00414pt.
 [47 <./figure/lm-disp-drat-wt-qsec-vs-am-gear-carb.pdf>]
Package color Info: Redefining color shadecolor on input line 1920.

<figure/lm-hp-drat-wt-qsec-vs-am-gear-carb.pdf, id=747, 505.89pt x 505.89pt>
File: figure/lm-hp-drat-wt-qsec-vs-am-gear-carb.pdf Graphic file (type pdf)

<use figure/lm-hp-drat-wt-qsec-vs-am-gear-carb.pdf>
Package pdftex.def Info: figure/lm-hp-drat-wt-qsec-vs-am-gear-carb.pdf used on 
input line 1922.
(pdftex.def)             Requested size: 345.0pt x 345.00414pt.
 [48 <./figure/lm-hp-drat-wt-qsec-vs-am-gear-carb.pdf>]
! You can't use `macro parameter character #' in vertical mode.
l.1962 #
        jlkjkjlkhlkh
Sorry, but I'm not programmed to handle this case;
I'll just pretend that you didn't ask for it.
If you're in the wrong mode, you might be able to
return to the right one by typing `I}' or `I$' or `I\par'.

Package atveryend Info: Empty hook `BeforeClearDocument' on input line 1969.
[49]
Package atveryend Info: Empty hook `AfterLastShipout' on input line 1969.
 (./mtcars.aux)
Package atveryend Info: Executing hook `AtVeryEndDocument' on input line 1969.
Package atveryend Info: Executing hook `AtEndAfterFileList' on input line 1969.

Package rerunfilecheck Info: File `mtcars.out' has not changed.
(rerunfilecheck)             Checksum: B668589261C5E56D0A66F1754BA98F0D;4743.
Package atveryend Info: Empty hook `AtVeryVeryEnd' on input line 1969.
 ) 
Here is how much of TeX's memory you used:
 6526 strings out of 493485
 105457 string characters out of 3143526
 185132 words of memory out of 3000000
 9652 multiletter control sequences out of 15000+200000
 7588 words of font info for 27 fonts, out of 3000000 for 9000
 957 hyphenation exceptions out of 8191
 37i,9n,38p,284b,349s stack positions out of 5000i,500n,10000p,200000b,50000s
</usr/share/texlive/texmf-dist/fonts/type1/public/amsfonts/cm/cmbx10.pfb></us
r/share/texlive/texmf-dist/fonts/type1/public/amsfonts/cm/cmbx12.pfb></usr/shar
e/texlive/texmf-dist/fonts/type1/public/amsfonts/cm/cmmi10.pfb></usr/share/texl
ive/texmf-dist/fonts/type1/public/amsfonts/cm/cmr10.pfb></usr/share/texlive/tex
mf-dist/fonts/type1/public/amsfonts/cm/cmr12.pfb></usr/share/texlive/texmf-dist
/fonts/type1/public/amsfonts/cm/cmr17.pfb></usr/share/texlive/texmf-dist/fonts/
type1/public/amsfonts/cm/cmsy10.pfb>
Output written on mtcars.pdf (49 pages, 808429 bytes).
PDF statistics:
 811 PDF objects out of 1000 (max. 8388607)
 656 compressed objects within 7 object streams
 96 named destinations out of 1000 (max. 500000)
 586 words of extra memory for PDF output out of 10000 (max. 10000000)

